{"E:\\My Project\\CRUD_Api\\src\\server.js": {"path":"E:\\My Project\\CRUD_Api\\src\\server.js","statementMap":{"0":{"start":{"line":1,"column":16},"end":{"line":1,"column":34}},"1":{"start":{"line":2,"column":19},"end":{"line":2,"column":41}},"2":{"start":{"line":3,"column":15},"end":{"line":3,"column":32}},"3":{"start":{"line":4,"column":15},"end":{"line":4,"column":32}},"4":{"start":{"line":5,"column":23},"end":{"line":5,"column":49}},"5":{"start":{"line":7,"column":18},"end":{"line":7,"column":43}},"6":{"start":{"line":8,"column":18},"end":{"line":8,"column":48}},"7":{"start":{"line":9,"column":20},"end":{"line":9,"column":56}},"8":{"start":{"line":11,"column":0},"end":{"line":11,"column":16}},"9":{"start":{"line":13,"column":12},"end":{"line":13,"column":21}},"10":{"start":{"line":14,"column":13},"end":{"line":14,"column":37}},"11":{"start":{"line":16,"column":0},"end":{"line":16,"column":27}},"12":{"start":{"line":17,"column":0},"end":{"line":17,"column":51}},"13":{"start":{"line":18,"column":0},"end":{"line":18,"column":23}},"14":{"start":{"line":19,"column":0},"end":{"line":19,"column":35}},"15":{"start":{"line":22,"column":0},"end":{"line":22,"column":15}},"16":{"start":{"line":25,"column":0},"end":{"line":25,"column":12}},"17":{"start":{"line":27,"column":0},"end":{"line":29,"column":3}},"18":{"start":{"line":28,"column":2},"end":{"line":28,"column":62}},"19":{"start":{"line":31,"column":0},"end":{"line":31,"column":21}}},"fnMap":{"0":{"name":"(anonymous_0)","decl":{"start":{"line":27,"column":17},"end":{"line":27,"column":18}},"loc":{"start":{"line":27,"column":23},"end":{"line":29,"column":1}},"line":27}},"branchMap":{"0":{"loc":{"start":{"line":14,"column":13},"end":{"line":14,"column":37}},"type":"binary-expr","locations":[{"start":{"line":14,"column":13},"end":{"line":14,"column":29}},{"start":{"line":14,"column":33},"end":{"line":14,"column":37}}],"line":14}},"s":{"0":1,"1":1,"2":1,"3":1,"4":1,"5":1,"6":1,"7":1,"8":1,"9":1,"10":1,"11":1,"12":1,"13":1,"14":1,"15":1,"16":1,"17":1,"18":1,"19":1},"f":{"0":1},"b":{"0":[1,0]},"_coverageSchema":"1a1c01bbd47fc00a2c39e90264f33305004495a9","hash":"9d9edc899ef267b518744e31a7d0185ce0396ea4"}
,"E:\\My Project\\CRUD_Api\\src\\configs\\connectDB.js": {"path":"E:\\My Project\\CRUD_Api\\src\\configs\\connectDB.js","statementMap":{"0":{"start":{"line":1,"column":22},"end":{"line":1,"column":42}},"1":{"start":{"line":2,"column":24},"end":{"line":2,"column":48}},"2":{"start":{"line":4,"column":65},"end":{"line":4,"column":76}},"3":{"start":{"line":6,"column":18},"end":{"line":10,"column":2}},"4":{"start":{"line":12,"column":18},"end":{"line":19,"column":1}},"5":{"start":{"line":13,"column":2},"end":{"line":18,"column":3}},"6":{"start":{"line":14,"column":4},"end":{"line":14,"column":35}},"7":{"start":{"line":15,"column":4},"end":{"line":15,"column":65}},"8":{"start":{"line":17,"column":4},"end":{"line":17,"column":63}},"9":{"start":{"line":21,"column":0},"end":{"line":21,"column":27}}},"fnMap":{"0":{"name":"(anonymous_0)","decl":{"start":{"line":12,"column":18},"end":{"line":12,"column":19}},"loc":{"start":{"line":12,"column":30},"end":{"line":19,"column":1}},"line":12}},"branchMap":{},"s":{"0":1,"1":1,"2":1,"3":1,"4":1,"5":1,"6":1,"7":1,"8":0,"9":1},"f":{"0":1},"b":{},"_coverageSchema":"1a1c01bbd47fc00a2c39e90264f33305004495a9","hash":"e26408c2e841905bbc130b63a0917d5febd2d413"}
,"E:\\My Project\\CRUD_Api\\src\\controllers\\user.controller.js": {"path":"E:\\My Project\\CRUD_Api\\src\\controllers\\user.controller.js","statementMap":{"0":{"start":{"line":1,"column":20},"end":{"line":1,"column":55}},"1":{"start":{"line":4,"column":19},"end":{"line":11,"column":1}},"2":{"start":{"line":5,"column":2},"end":{"line":10,"column":3}},"3":{"start":{"line":6,"column":21},"end":{"line":6,"column":47}},"4":{"start":{"line":7,"column":4},"end":{"line":7,"column":42}},"5":{"start":{"line":9,"column":4},"end":{"line":9,"column":14}},"6":{"start":{"line":14,"column":16},"end":{"line":21,"column":1}},"7":{"start":{"line":15,"column":2},"end":{"line":20,"column":3}},"8":{"start":{"line":16,"column":21},"end":{"line":16,"column":68}},"9":{"start":{"line":17,"column":4},"end":{"line":17,"column":42}},"10":{"start":{"line":19,"column":4},"end":{"line":19,"column":14}},"11":{"start":{"line":24,"column":22},"end":{"line":31,"column":1}},"12":{"start":{"line":25,"column":2},"end":{"line":30,"column":3}},"13":{"start":{"line":26,"column":21},"end":{"line":26,"column":58}},"14":{"start":{"line":27,"column":4},"end":{"line":27,"column":42}},"15":{"start":{"line":29,"column":4},"end":{"line":29,"column":14}},"16":{"start":{"line":34,"column":19},"end":{"line":41,"column":1}},"17":{"start":{"line":35,"column":2},"end":{"line":40,"column":3}},"18":{"start":{"line":36,"column":21},"end":{"line":36,"column":78}},"19":{"start":{"line":37,"column":4},"end":{"line":37,"column":42}},"20":{"start":{"line":39,"column":4},"end":{"line":39,"column":14}},"21":{"start":{"line":44,"column":19},"end":{"line":51,"column":1}},"22":{"start":{"line":45,"column":2},"end":{"line":50,"column":3}},"23":{"start":{"line":46,"column":21},"end":{"line":46,"column":71}},"24":{"start":{"line":47,"column":4},"end":{"line":47,"column":42}},"25":{"start":{"line":49,"column":4},"end":{"line":49,"column":14}},"26":{"start":{"line":54,"column":18},"end":{"line":61,"column":1}},"27":{"start":{"line":55,"column":2},"end":{"line":60,"column":3}},"28":{"start":{"line":56,"column":21},"end":{"line":56,"column":50}},"29":{"start":{"line":57,"column":4},"end":{"line":57,"column":42}},"30":{"start":{"line":59,"column":4},"end":{"line":59,"column":14}},"31":{"start":{"line":63,"column":0},"end":{"line":70,"column":2}}},"fnMap":{"0":{"name":"(anonymous_0)","decl":{"start":{"line":4,"column":19},"end":{"line":4,"column":20}},"loc":{"start":{"line":4,"column":45},"end":{"line":11,"column":1}},"line":4},"1":{"name":"(anonymous_1)","decl":{"start":{"line":14,"column":16},"end":{"line":14,"column":17}},"loc":{"start":{"line":14,"column":42},"end":{"line":21,"column":1}},"line":14},"2":{"name":"(anonymous_2)","decl":{"start":{"line":24,"column":22},"end":{"line":24,"column":23}},"loc":{"start":{"line":24,"column":48},"end":{"line":31,"column":1}},"line":24},"3":{"name":"(anonymous_3)","decl":{"start":{"line":34,"column":19},"end":{"line":34,"column":20}},"loc":{"start":{"line":34,"column":45},"end":{"line":41,"column":1}},"line":34},"4":{"name":"(anonymous_4)","decl":{"start":{"line":44,"column":19},"end":{"line":44,"column":20}},"loc":{"start":{"line":44,"column":45},"end":{"line":51,"column":1}},"line":44},"5":{"name":"(anonymous_5)","decl":{"start":{"line":54,"column":18},"end":{"line":54,"column":19}},"loc":{"start":{"line":54,"column":44},"end":{"line":61,"column":1}},"line":54}},"branchMap":{},"s":{"0":1,"1":1,"2":2,"3":2,"4":1,"5":1,"6":1,"7":2,"8":2,"9":1,"10":1,"11":1,"12":11,"13":11,"14":11,"15":0,"16":1,"17":3,"18":3,"19":2,"20":1,"21":1,"22":2,"23":2,"24":1,"25":1,"26":1,"27":29,"28":29,"29":29,"30":0,"31":1},"f":{"0":2,"1":2,"2":11,"3":3,"4":2,"5":29},"b":{},"_coverageSchema":"1a1c01bbd47fc00a2c39e90264f33305004495a9","hash":"b2c985ae666cb6740bb83ce22fcf61395701ebab"}
,"E:\\My Project\\CRUD_Api\\src\\middlewares\\errorHandle.js": {"path":"E:\\My Project\\CRUD_Api\\src\\middlewares\\errorHandle.js","statementMap":{"0":{"start":{"line":1,"column":20},"end":{"line":18,"column":1}},"1":{"start":{"line":2,"column":2},"end":{"line":2,"column":33}},"2":{"start":{"line":4,"column":2},"end":{"line":9,"column":3}},"3":{"start":{"line":5,"column":4},"end":{"line":8,"column":5}},"4":{"start":{"line":6,"column":6},"end":{"line":6,"column":23}},"5":{"start":{"line":7,"column":6},"end":{"line":7,"column":44}},"6":{"start":{"line":12,"column":2},"end":{"line":17,"column":5}},"7":{"start":{"line":20,"column":0},"end":{"line":20,"column":29}}},"fnMap":{"0":{"name":"(anonymous_0)","decl":{"start":{"line":1,"column":20},"end":{"line":1,"column":21}},"loc":{"start":{"line":1,"column":45},"end":{"line":18,"column":1}},"line":1}},"branchMap":{"0":{"loc":{"start":{"line":2,"column":15},"end":{"line":2,"column":32}},"type":"binary-expr","locations":[{"start":{"line":2,"column":15},"end":{"line":2,"column":25}},{"start":{"line":2,"column":29},"end":{"line":2,"column":32}}],"line":2},"1":{"loc":{"start":{"line":4,"column":2},"end":{"line":9,"column":3}},"type":"if","locations":[{"start":{"line":4,"column":2},"end":{"line":9,"column":3}},{"start":{},"end":{}}],"line":4},"2":{"loc":{"start":{"line":5,"column":4},"end":{"line":8,"column":5}},"type":"if","locations":[{"start":{"line":5,"column":4},"end":{"line":8,"column":5}},{"start":{},"end":{}}],"line":5}},"s":{"0":1,"1":9,"2":9,"3":0,"4":0,"5":0,"6":9,"7":1},"f":{"0":9},"b":{"0":[9,0],"1":[0,9],"2":[0,0]},"_coverageSchema":"1a1c01bbd47fc00a2c39e90264f33305004495a9","hash":"a972ecc578c0e357278dc96c309ded6af847a7f5"}
,"E:\\My Project\\CRUD_Api\\src\\middlewares\\validateData.js": {"path":"E:\\My Project\\CRUD_Api\\src\\middlewares\\validateData.js","statementMap":{"0":{"start":{"line":1,"column":12},"end":{"line":1,"column":26}},"1":{"start":{"line":2,"column":19},"end":{"line":2,"column":41}},"2":{"start":{"line":3,"column":25},"end":{"line":3,"column":63}},"3":{"start":{"line":4,"column":25},"end":{"line":4,"column":63}},"4":{"start":{"line":6,"column":12},"end":{"line":6,"column":40}},"5":{"start":{"line":8,"column":0},"end":{"line":8,"column":16}},"6":{"start":{"line":9,"column":0},"end":{"line":9,"column":54}},"7":{"start":{"line":12,"column":0},"end":{"line":12,"column":52}},"8":{"start":{"line":13,"column":0},"end":{"line":13,"column":52}},"9":{"start":{"line":16,"column":21},"end":{"line":33,"column":1}},"10":{"start":{"line":17,"column":2},"end":{"line":32,"column":4}},"11":{"start":{"line":18,"column":4},"end":{"line":31,"column":5}},"12":{"start":{"line":20,"column":25},"end":{"line":20,"column":56}},"13":{"start":{"line":21,"column":20},"end":{"line":21,"column":50}},"14":{"start":{"line":22,"column":6},"end":{"line":28,"column":7}},"15":{"start":{"line":23,"column":20},"end":{"line":23,"column":52}},"16":{"start":{"line":24,"column":8},"end":{"line":24,"column":25}},"17":{"start":{"line":25,"column":8},"end":{"line":25,"column":25}},"18":{"start":{"line":27,"column":8},"end":{"line":27,"column":15}},"19":{"start":{"line":30,"column":6},"end":{"line":30,"column":16}},"20":{"start":{"line":59,"column":0},"end":{"line":61,"column":2}}},"fnMap":{"0":{"name":"(anonymous_0)","decl":{"start":{"line":16,"column":21},"end":{"line":16,"column":22}},"loc":{"start":{"line":16,"column":37},"end":{"line":33,"column":1}},"line":16},"1":{"name":"(anonymous_1)","decl":{"start":{"line":17,"column":9},"end":{"line":17,"column":10}},"loc":{"start":{"line":17,"column":35},"end":{"line":32,"column":3}},"line":17}},"branchMap":{"0":{"loc":{"start":{"line":22,"column":6},"end":{"line":28,"column":7}},"type":"if","locations":[{"start":{"line":22,"column":6},"end":{"line":28,"column":7}},{"start":{"line":26,"column":13},"end":{"line":28,"column":7}}],"line":22}},"s":{"0":1,"1":1,"2":1,"3":1,"4":1,"5":1,"6":1,"7":1,"8":1,"9":1,"10":2,"11":19,"12":19,"13":19,"14":19,"15":5,"16":5,"17":5,"18":14,"19":0,"20":1},"f":{"0":2,"1":19},"b":{"0":[5,14]},"_coverageSchema":"1a1c01bbd47fc00a2c39e90264f33305004495a9","hash":"a904ed2a1629c9f81df897a2db6a13b4704d522a"}
,"E:\\My Project\\CRUD_Api\\src\\models\\index.js": {"path":"E:\\My Project\\CRUD_Api\\src\\models\\index.js","statementMap":{"0":{"start":{"line":3,"column":11},"end":{"line":3,"column":24}},"1":{"start":{"line":4,"column":13},"end":{"line":4,"column":28}},"2":{"start":{"line":5,"column":18},"end":{"line":5,"column":38}},"3":{"start":{"line":6,"column":17},"end":{"line":6,"column":42}},"4":{"start":{"line":7,"column":12},"end":{"line":7,"column":49}},"5":{"start":{"line":8,"column":15},"end":{"line":8,"column":53}},"6":{"start":{"line":9,"column":11},"end":{"line":9,"column":13}},"7":{"start":{"line":12,"column":0},"end":{"line":21,"column":1}},"8":{"start":{"line":13,"column":2},"end":{"line":13,"column":74}},"9":{"start":{"line":15,"column":2},"end":{"line":20,"column":4}},"10":{"start":{"line":23,"column":0},"end":{"line":35,"column":5}},"11":{"start":{"line":25,"column":4},"end":{"line":27,"column":6}},"12":{"start":{"line":30,"column":18},"end":{"line":33,"column":5}},"13":{"start":{"line":34,"column":4},"end":{"line":34,"column":27}},"14":{"start":{"line":37,"column":0},"end":{"line":41,"column":3}},"15":{"start":{"line":38,"column":2},"end":{"line":40,"column":3}},"16":{"start":{"line":39,"column":4},"end":{"line":39,"column":32}},"17":{"start":{"line":43,"column":0},"end":{"line":43,"column":25}},"18":{"start":{"line":44,"column":0},"end":{"line":44,"column":25}},"19":{"start":{"line":46,"column":0},"end":{"line":46,"column":20}}},"fnMap":{"0":{"name":"(anonymous_0)","decl":{"start":{"line":24,"column":10},"end":{"line":24,"column":11}},"loc":{"start":{"line":24,"column":20},"end":{"line":28,"column":3}},"line":24},"1":{"name":"(anonymous_1)","decl":{"start":{"line":29,"column":11},"end":{"line":29,"column":12}},"loc":{"start":{"line":29,"column":21},"end":{"line":35,"column":3}},"line":29},"2":{"name":"(anonymous_2)","decl":{"start":{"line":37,"column":24},"end":{"line":37,"column":25}},"loc":{"start":{"line":37,"column":39},"end":{"line":41,"column":1}},"line":37}},"branchMap":{"0":{"loc":{"start":{"line":7,"column":12},"end":{"line":7,"column":49}},"type":"binary-expr","locations":[{"start":{"line":7,"column":12},"end":{"line":7,"column":32}},{"start":{"line":7,"column":36},"end":{"line":7,"column":49}}],"line":7},"1":{"loc":{"start":{"line":12,"column":0},"end":{"line":21,"column":1}},"type":"if","locations":[{"start":{"line":12,"column":0},"end":{"line":21,"column":1}},{"start":{"line":14,"column":7},"end":{"line":21,"column":1}}],"line":12},"2":{"loc":{"start":{"line":26,"column":6},"end":{"line":26,"column":78}},"type":"binary-expr","locations":[{"start":{"line":26,"column":6},"end":{"line":26,"column":29}},{"start":{"line":26,"column":33},"end":{"line":26,"column":50}},{"start":{"line":26,"column":54},"end":{"line":26,"column":78}}],"line":26},"3":{"loc":{"start":{"line":38,"column":2},"end":{"line":40,"column":3}},"type":"if","locations":[{"start":{"line":38,"column":2},"end":{"line":40,"column":3}},{"start":{},"end":{}}],"line":38}},"s":{"0":1,"1":1,"2":1,"3":1,"4":1,"5":1,"6":1,"7":1,"8":0,"9":1,"10":1,"11":2,"12":1,"13":1,"14":1,"15":1,"16":1,"17":1,"18":1,"19":1},"f":{"0":2,"1":1,"2":1},"b":{"0":[1,0],"1":[0,1],"2":[2,2,1],"3":[1,0]},"_coverageSchema":"1a1c01bbd47fc00a2c39e90264f33305004495a9","hash":"c621b0e14081853af6cda61f412395428fccceae"}
,"E:\\My Project\\CRUD_Api\\src\\models\\user.js": {"path":"E:\\My Project\\CRUD_Api\\src\\models\\user.js","statementMap":{"0":{"start":{"line":2,"column":18},"end":{"line":2,"column":38}},"1":{"start":{"line":3,"column":0},"end":{"line":28,"column":2}},"2":{"start":{"line":14,"column":2},"end":{"line":26,"column":4}},"3":{"start":{"line":27,"column":2},"end":{"line":27,"column":14}}},"fnMap":{"0":{"name":"(anonymous_0)","decl":{"start":{"line":3,"column":17},"end":{"line":3,"column":18}},"loc":{"start":{"line":3,"column":43},"end":{"line":28,"column":1}},"line":3},"1":{"name":"(anonymous_1)","decl":{"start":{"line":10,"column":4},"end":{"line":10,"column":5}},"loc":{"start":{"line":10,"column":29},"end":{"line":12,"column":5}},"line":10}},"branchMap":{},"s":{"0":1,"1":1,"2":1,"3":1},"f":{"0":1,"1":1},"b":{},"_coverageSchema":"1a1c01bbd47fc00a2c39e90264f33305004495a9","hash":"37ca3e9b463987fabf292b854a423175bae49672"}
,"E:\\My Project\\CRUD_Api\\src\\routes\\index.js": {"path":"E:\\My Project\\CRUD_Api\\src\\routes\\index.js","statementMap":{"0":{"start":{"line":1,"column":16},"end":{"line":1,"column":34}},"1":{"start":{"line":2,"column":15},"end":{"line":2,"column":31}},"2":{"start":{"line":4,"column":18},"end":{"line":4,"column":35}},"3":{"start":{"line":5,"column":20},"end":{"line":5,"column":57}},"4":{"start":{"line":7,"column":18},"end":{"line":13,"column":1}},"5":{"start":{"line":8,"column":2},"end":{"line":8,"column":34}},"6":{"start":{"line":11,"column":2},"end":{"line":11,"column":31}},"7":{"start":{"line":12,"column":2},"end":{"line":12,"column":33}},"8":{"start":{"line":15,"column":0},"end":{"line":15,"column":27}}},"fnMap":{"0":{"name":"(anonymous_0)","decl":{"start":{"line":7,"column":18},"end":{"line":7,"column":19}},"loc":{"start":{"line":7,"column":27},"end":{"line":13,"column":1}},"line":7}},"branchMap":{},"s":{"0":1,"1":1,"2":1,"3":1,"4":1,"5":1,"6":1,"7":1,"8":1},"f":{"0":1},"b":{},"_coverageSchema":"1a1c01bbd47fc00a2c39e90264f33305004495a9","hash":"4ea888f45d8e7c9c4cb27c9f6d34d0cef9a99fa1"}
,"E:\\My Project\\CRUD_Api\\src\\routes\\user.js": {"path":"E:\\My Project\\CRUD_Api\\src\\routes\\user.js","statementMap":{"0":{"start":{"line":1,"column":16},"end":{"line":1,"column":34}},"1":{"start":{"line":2,"column":15},"end":{"line":2,"column":31}},"2":{"start":{"line":4,"column":23},"end":{"line":4,"column":64}},"3":{"start":{"line":5,"column":25},"end":{"line":5,"column":63}},"4":{"start":{"line":8,"column":0},"end":{"line":8,"column":49}},"5":{"start":{"line":10,"column":0},"end":{"line":12,"column":72}},"6":{"start":{"line":14,"column":0},"end":{"line":14,"column":61}},"7":{"start":{"line":16,"column":0},"end":{"line":20,"column":37}},"8":{"start":{"line":22,"column":0},"end":{"line":22,"column":24}}},"fnMap":{},"branchMap":{},"s":{"0":1,"1":1,"2":1,"3":1,"4":1,"5":1,"6":1,"7":1,"8":1},"f":{},"b":{},"_coverageSchema":"1a1c01bbd47fc00a2c39e90264f33305004495a9","hash":"abbcc72464bf00b2001762faf77c54329ab857bd"}
,"E:\\My Project\\CRUD_Api\\src\\services\\user.service.js": {"path":"E:\\My Project\\CRUD_Api\\src\\services\\user.service.js","statementMap":{"0":{"start":{"line":1,"column":11},"end":{"line":1,"column":37}},"1":{"start":{"line":2,"column":15},"end":{"line":2,"column":32}},"2":{"start":{"line":3,"column":19},"end":{"line":3,"column":21}},"3":{"start":{"line":6,"column":15},"end":{"line":30,"column":1}},"4":{"start":{"line":7,"column":2},"end":{"line":29,"column":5}},"5":{"start":{"line":8,"column":4},"end":{"line":28,"column":5}},"6":{"start":{"line":9,"column":18},"end":{"line":18,"column":8}},"7":{"start":{"line":20,"column":6},"end":{"line":24,"column":7}},"8":{"start":{"line":21,"column":20},"end":{"line":21,"column":50}},"9":{"start":{"line":22,"column":8},"end":{"line":22,"column":25}},"10":{"start":{"line":23,"column":8},"end":{"line":23,"column":20}},"11":{"start":{"line":25,"column":6},"end":{"line":25,"column":48}},"12":{"start":{"line":27,"column":6},"end":{"line":27,"column":18}},"13":{"start":{"line":33,"column":15},"end":{"line":58,"column":1}},"14":{"start":{"line":34,"column":2},"end":{"line":57,"column":5}},"15":{"start":{"line":35,"column":4},"end":{"line":56,"column":5}},"16":{"start":{"line":36,"column":18},"end":{"line":46,"column":8}},"17":{"start":{"line":48,"column":6},"end":{"line":52,"column":7}},"18":{"start":{"line":49,"column":20},"end":{"line":49,"column":48}},"19":{"start":{"line":50,"column":8},"end":{"line":50,"column":25}},"20":{"start":{"line":51,"column":8},"end":{"line":51,"column":20}},"21":{"start":{"line":53,"column":6},"end":{"line":53,"column":48}},"22":{"start":{"line":55,"column":6},"end":{"line":55,"column":18}},"23":{"start":{"line":61,"column":18},"end":{"line":84,"column":1}},"24":{"start":{"line":62,"column":2},"end":{"line":83,"column":5}},"25":{"start":{"line":63,"column":4},"end":{"line":82,"column":5}},"26":{"start":{"line":65,"column":19},"end":{"line":65,"column":43}},"27":{"start":{"line":66,"column":28},"end":{"line":66,"column":69}},"28":{"start":{"line":68,"column":19},"end":{"line":74,"column":8}},"29":{"start":{"line":75,"column":6},"end":{"line":79,"column":9}},"30":{"start":{"line":81,"column":6},"end":{"line":81,"column":18}},"31":{"start":{"line":87,"column":15},"end":{"line":117,"column":1}},"32":{"start":{"line":88,"column":2},"end":{"line":116,"column":5}},"33":{"start":{"line":89,"column":4},"end":{"line":115,"column":5}},"34":{"start":{"line":90,"column":27},"end":{"line":90,"column":31}},"35":{"start":{"line":91,"column":6},"end":{"line":96,"column":7}},"36":{"start":{"line":93,"column":21},"end":{"line":93,"column":45}},"37":{"start":{"line":94,"column":30},"end":{"line":94,"column":63}},"38":{"start":{"line":95,"column":8},"end":{"line":95,"column":42}},"39":{"start":{"line":97,"column":18},"end":{"line":102,"column":7}},"40":{"start":{"line":104,"column":6},"end":{"line":108,"column":7}},"41":{"start":{"line":105,"column":20},"end":{"line":105,"column":48}},"42":{"start":{"line":106,"column":8},"end":{"line":106,"column":25}},"43":{"start":{"line":107,"column":8},"end":{"line":107,"column":20}},"44":{"start":{"line":109,"column":6},"end":{"line":112,"column":9}},"45":{"start":{"line":114,"column":6},"end":{"line":114,"column":18}},"46":{"start":{"line":119,"column":18},"end":{"line":136,"column":1}},"47":{"start":{"line":120,"column":2},"end":{"line":135,"column":5}},"48":{"start":{"line":121,"column":4},"end":{"line":134,"column":5}},"49":{"start":{"line":122,"column":18},"end":{"line":124,"column":8}},"50":{"start":{"line":126,"column":6},"end":{"line":130,"column":7}},"51":{"start":{"line":127,"column":20},"end":{"line":127,"column":48}},"52":{"start":{"line":128,"column":8},"end":{"line":128,"column":25}},"53":{"start":{"line":129,"column":8},"end":{"line":129,"column":20}},"54":{"start":{"line":131,"column":6},"end":{"line":131,"column":67}},"55":{"start":{"line":133,"column":6},"end":{"line":133,"column":18}},"56":{"start":{"line":138,"column":18},"end":{"line":149,"column":1}},"57":{"start":{"line":139,"column":2},"end":{"line":148,"column":5}},"58":{"start":{"line":140,"column":4},"end":{"line":147,"column":5}},"59":{"start":{"line":141,"column":18},"end":{"line":143,"column":8}},"60":{"start":{"line":144,"column":6},"end":{"line":144,"column":66}},"61":{"start":{"line":146,"column":6},"end":{"line":146,"column":18}},"62":{"start":{"line":151,"column":0},"end":{"line":158,"column":2}}},"fnMap":{"0":{"name":"(anonymous_0)","decl":{"start":{"line":6,"column":15},"end":{"line":6,"column":16}},"loc":{"start":{"line":6,"column":21},"end":{"line":30,"column":1}},"line":6},"1":{"name":"(anonymous_1)","decl":{"start":{"line":7,"column":21},"end":{"line":7,"column":22}},"loc":{"start":{"line":7,"column":48},"end":{"line":29,"column":3}},"line":7},"2":{"name":"(anonymous_2)","decl":{"start":{"line":33,"column":15},"end":{"line":33,"column":16}},"loc":{"start":{"line":33,"column":30},"end":{"line":58,"column":1}},"line":33},"3":{"name":"(anonymous_3)","decl":{"start":{"line":34,"column":21},"end":{"line":34,"column":22}},"loc":{"start":{"line":34,"column":48},"end":{"line":57,"column":3}},"line":34},"4":{"name":"(anonymous_4)","decl":{"start":{"line":61,"column":18},"end":{"line":61,"column":19}},"loc":{"start":{"line":61,"column":31},"end":{"line":84,"column":1}},"line":61},"5":{"name":"(anonymous_5)","decl":{"start":{"line":62,"column":21},"end":{"line":62,"column":22}},"loc":{"start":{"line":62,"column":48},"end":{"line":83,"column":3}},"line":62},"6":{"name":"(anonymous_6)","decl":{"start":{"line":87,"column":15},"end":{"line":87,"column":16}},"loc":{"start":{"line":87,"column":36},"end":{"line":117,"column":1}},"line":87},"7":{"name":"(anonymous_7)","decl":{"start":{"line":88,"column":21},"end":{"line":88,"column":22}},"loc":{"start":{"line":88,"column":48},"end":{"line":116,"column":3}},"line":88},"8":{"name":"(anonymous_8)","decl":{"start":{"line":119,"column":18},"end":{"line":119,"column":19}},"loc":{"start":{"line":119,"column":33},"end":{"line":136,"column":1}},"line":119},"9":{"name":"(anonymous_9)","decl":{"start":{"line":120,"column":21},"end":{"line":120,"column":22}},"loc":{"start":{"line":120,"column":48},"end":{"line":135,"column":3}},"line":120},"10":{"name":"(anonymous_10)","decl":{"start":{"line":138,"column":18},"end":{"line":138,"column":19}},"loc":{"start":{"line":138,"column":24},"end":{"line":149,"column":1}},"line":138},"11":{"name":"(anonymous_11)","decl":{"start":{"line":139,"column":21},"end":{"line":139,"column":22}},"loc":{"start":{"line":139,"column":48},"end":{"line":148,"column":3}},"line":139}},"branchMap":{"0":{"loc":{"start":{"line":20,"column":6},"end":{"line":24,"column":7}},"type":"if","locations":[{"start":{"line":20,"column":6},"end":{"line":24,"column":7}},{"start":{},"end":{}}],"line":20},"1":{"loc":{"start":{"line":48,"column":6},"end":{"line":52,"column":7}},"type":"if","locations":[{"start":{"line":48,"column":6},"end":{"line":52,"column":7}},{"start":{},"end":{}}],"line":48},"2":{"loc":{"start":{"line":72,"column":16},"end":{"line":72,"column":35}},"type":"binary-expr","locations":[{"start":{"line":72,"column":16},"end":{"line":72,"column":30}},{"start":{"line":72,"column":34},"end":{"line":72,"column":35}}],"line":72},"3":{"loc":{"start":{"line":73,"column":18},"end":{"line":73,"column":39}},"type":"binary-expr","locations":[{"start":{"line":73,"column":18},"end":{"line":73,"column":34}},{"start":{"line":73,"column":38},"end":{"line":73,"column":39}}],"line":73},"4":{"loc":{"start":{"line":91,"column":6},"end":{"line":96,"column":7}},"type":"if","locations":[{"start":{"line":91,"column":6},"end":{"line":96,"column":7}},{"start":{},"end":{}}],"line":91},"5":{"loc":{"start":{"line":104,"column":6},"end":{"line":108,"column":7}},"type":"if","locations":[{"start":{"line":104,"column":6},"end":{"line":108,"column":7}},{"start":{},"end":{}}],"line":104},"6":{"loc":{"start":{"line":126,"column":6},"end":{"line":130,"column":7}},"type":"if","locations":[{"start":{"line":126,"column":6},"end":{"line":130,"column":7}},{"start":{},"end":{}}],"line":126}},"s":{"0":1,"1":1,"2":1,"3":1,"4":2,"5":2,"6":2,"7":2,"8":1,"9":1,"10":1,"11":2,"12":0,"13":1,"14":2,"15":2,"16":2,"17":2,"18":1,"19":1,"20":1,"21":2,"22":0,"23":1,"24":11,"25":11,"26":11,"27":11,"28":11,"29":11,"30":0,"31":1,"32":3,"33":3,"34":3,"35":3,"36":2,"37":2,"38":2,"39":3,"40":3,"41":1,"42":1,"43":1,"44":3,"45":0,"46":1,"47":2,"48":2,"49":2,"50":2,"51":1,"52":1,"53":1,"54":2,"55":0,"56":1,"57":29,"58":29,"59":29,"60":29,"61":0,"62":1},"f":{"0":2,"1":2,"2":2,"3":2,"4":11,"5":11,"6":3,"7":3,"8":2,"9":2,"10":29,"11":29},"b":{"0":[1,1],"1":[1,1],"2":[11,0],"3":[11,1],"4":[2,1],"5":[1,2],"6":[1,1]},"_coverageSchema":"1a1c01bbd47fc00a2c39e90264f33305004495a9","hash":"a5fa8b732a630157c99c86d78a83ce1f42ee4d3e"}
}
