TN:
SF:src\server.js
FN:27,(anonymous_0)
FNF:1
FNH:1
FNDA:1,(anonymous_0)
DA:1,1
DA:2,1
DA:3,1
DA:4,1
DA:5,1
DA:7,1
DA:8,1
DA:9,1
DA:11,1
DA:13,1
DA:14,1
DA:16,1
DA:17,1
DA:18,1
DA:19,1
DA:22,1
DA:25,1
DA:27,1
DA:28,1
DA:31,1
LF:20
LH:20
BRDA:14,0,0,1
BRDA:14,0,1,0
BRF:2
BRH:1
end_of_record
TN:
SF:src\configs\connectDB.js
FN:12,(anonymous_0)
FNF:1
FNH:1
FNDA:1,(anonymous_0)
DA:1,1
DA:2,1
DA:4,1
DA:6,1
DA:12,1
DA:13,1
DA:14,1
DA:15,1
DA:17,0
DA:21,1
LF:10
LH:9
BRF:0
BRH:0
end_of_record
TN:
SF:src\controllers\user.controller.js
FN:4,(anonymous_0)
FN:14,(anonymous_1)
FN:24,(anonymous_2)
FN:34,(anonymous_3)
FN:44,(anonymous_4)
FN:54,(anonymous_5)
FNF:6
FNH:6
FNDA:2,(anonymous_0)
FNDA:2,(anonymous_1)
FNDA:11,(anonymous_2)
FNDA:3,(anonymous_3)
FNDA:2,(anonymous_4)
FNDA:29,(anonymous_5)
DA:1,1
DA:4,1
DA:5,2
DA:6,2
DA:7,1
DA:9,1
DA:14,1
DA:15,2
DA:16,2
DA:17,1
DA:19,1
DA:24,1
DA:25,11
DA:26,11
DA:27,11
DA:29,0
DA:34,1
DA:35,3
DA:36,3
DA:37,2
DA:39,1
DA:44,1
DA:45,2
DA:46,2
DA:47,1
DA:49,1
DA:54,1
DA:55,29
DA:56,29
DA:57,29
DA:59,0
DA:63,1
LF:32
LH:30
BRF:0
BRH:0
end_of_record
TN:
SF:src\middlewares\errorHandle.js
FN:1,(anonymous_0)
FNF:1
FNH:1
FNDA:9,(anonymous_0)
DA:1,1
DA:2,9
DA:4,9
DA:5,0
DA:6,0
DA:7,0
DA:12,9
DA:20,1
LF:8
LH:5
BRDA:2,0,0,9
BRDA:2,0,1,0
BRDA:4,1,0,0
BRDA:4,1,1,9
BRDA:5,2,0,0
BRDA:5,2,1,0
BRF:6
BRH:2
end_of_record
TN:
SF:src\middlewares\validateData.js
FN:16,(anonymous_0)
FN:17,(anonymous_1)
FNF:2
FNH:2
FNDA:2,(anonymous_0)
FNDA:19,(anonymous_1)
DA:1,1
DA:2,1
DA:3,1
DA:4,1
DA:6,1
DA:8,1
DA:9,1
DA:12,1
DA:13,1
DA:16,1
DA:17,2
DA:18,19
DA:20,19
DA:21,19
DA:22,19
DA:23,5
DA:24,5
DA:25,5
DA:27,14
DA:30,0
DA:59,1
LF:21
LH:20
BRDA:22,0,0,5
BRDA:22,0,1,14
BRF:2
BRH:2
end_of_record
TN:
SF:src\models\index.js
FN:24,(anonymous_0)
FN:29,(anonymous_1)
FN:37,(anonymous_2)
FNF:3
FNH:3
FNDA:2,(anonymous_0)
FNDA:1,(anonymous_1)
FNDA:1,(anonymous_2)
DA:3,1
DA:4,1
DA:5,1
DA:6,1
DA:7,1
DA:8,1
DA:9,1
DA:12,1
DA:13,0
DA:15,1
DA:23,1
DA:25,2
DA:30,1
DA:34,1
DA:37,1
DA:38,1
DA:39,1
DA:43,1
DA:44,1
DA:46,1
LF:20
LH:19
BRDA:7,0,0,1
BRDA:7,0,1,0
BRDA:12,1,0,0
BRDA:12,1,1,1
BRDA:26,2,0,2
BRDA:26,2,1,2
BRDA:26,2,2,1
BRDA:38,3,0,1
BRDA:38,3,1,0
BRF:9
BRH:6
end_of_record
TN:
SF:src\models\user.js
FN:3,(anonymous_0)
FN:10,(anonymous_1)
FNF:2
FNH:2
FNDA:1,(anonymous_0)
FNDA:1,(anonymous_1)
DA:2,1
DA:3,1
DA:14,1
DA:27,1
LF:4
LH:4
BRF:0
BRH:0
end_of_record
TN:
SF:src\routes\index.js
FN:7,(anonymous_0)
FNF:1
FNH:1
FNDA:1,(anonymous_0)
DA:1,1
DA:2,1
DA:4,1
DA:5,1
DA:7,1
DA:8,1
DA:11,1
DA:12,1
DA:15,1
LF:9
LH:9
BRF:0
BRH:0
end_of_record
TN:
SF:src\routes\user.js
FNF:0
FNH:0
DA:1,1
DA:2,1
DA:4,1
DA:5,1
DA:8,1
DA:10,1
DA:14,1
DA:16,1
DA:22,1
LF:9
LH:9
BRF:0
BRH:0
end_of_record
TN:
SF:src\services\user.service.js
FN:6,(anonymous_0)
FN:7,(anonymous_1)
FN:33,(anonymous_2)
FN:34,(anonymous_3)
FN:61,(anonymous_4)
FN:62,(anonymous_5)
FN:87,(anonymous_6)
FN:88,(anonymous_7)
FN:119,(anonymous_8)
FN:120,(anonymous_9)
FN:138,(anonymous_10)
FN:139,(anonymous_11)
FNF:12
FNH:12
FNDA:2,(anonymous_0)
FNDA:2,(anonymous_1)
FNDA:2,(anonymous_2)
FNDA:2,(anonymous_3)
FNDA:11,(anonymous_4)
FNDA:11,(anonymous_5)
FNDA:3,(anonymous_6)
FNDA:3,(anonymous_7)
FNDA:2,(anonymous_8)
FNDA:2,(anonymous_9)
FNDA:29,(anonymous_10)
FNDA:29,(anonymous_11)
DA:1,1
DA:2,1
DA:3,1
DA:6,1
DA:7,2
DA:8,2
DA:9,2
DA:20,2
DA:21,1
DA:22,1
DA:23,1
DA:25,2
DA:27,0
DA:33,1
DA:34,2
DA:35,2
DA:36,2
DA:48,2
DA:49,1
DA:50,1
DA:51,1
DA:53,2
DA:55,0
DA:61,1
DA:62,11
DA:63,11
DA:65,11
DA:66,11
DA:68,11
DA:75,11
DA:81,0
DA:87,1
DA:88,3
DA:89,3
DA:90,3
DA:91,3
DA:93,2
DA:94,2
DA:95,2
DA:97,3
DA:104,3
DA:105,1
DA:106,1
DA:107,1
DA:109,3
DA:114,0
DA:119,1
DA:120,2
DA:121,2
DA:122,2
DA:126,2
DA:127,1
DA:128,1
DA:129,1
DA:131,2
DA:133,0
DA:138,1
DA:139,29
DA:140,29
DA:141,29
DA:144,29
DA:146,0
DA:151,1
LF:63
LH:57
BRDA:20,0,0,1
BRDA:20,0,1,1
BRDA:48,1,0,1
BRDA:48,1,1,1
BRDA:72,2,0,11
BRDA:72,2,1,0
BRDA:73,3,0,11
BRDA:73,3,1,1
BRDA:91,4,0,2
BRDA:91,4,1,1
BRDA:104,5,0,1
BRDA:104,5,1,2
BRDA:126,6,0,1
BRDA:126,6,1,1
BRF:14
BRH:13
end_of_record
